<?xml version="1.0" encoding="UTF-8"?>
<!-- Generated by org.testng.reporters.JUnitReportReporter -->
<testsuite hostname="gmti-cvg-103047" name="com.dealchicken.smokeconsumertestscripts.TC006_RegisterFromBuyNowPage" tests="1" failures="0" timestamp="3 Jan 2014 17:51:38 GMT" time="119.112" errors="0">
  <testcase name="TC006_RegisterFromBuyNowPage" time="119.112" classname="com.dealchicken.smokeconsumertestscripts.TC006_RegisterFromBuyNowPage"/>
</testsuite> <!-- com.dealchicken.smokeconsumertestscripts.TC006_RegisterFromBuyNowPage -->
