<?xml version="1.0" encoding="UTF-8"?>
<!-- Generated by org.testng.reporters.JUnitReportReporter -->
<testsuite hostname="gmti-cvg-103047" name="com.dealchicken.smokeconsumertestscripts.TC003_SignInFromBuyNowPage" tests="1" failures="0" timestamp="3 Jan 2014 17:51:38 GMT" time="126.008" errors="0">
  <testcase name="TC003_SignInFromBuyNowPage" time="126.008" classname="com.dealchicken.smokeconsumertestscripts.TC003_SignInFromBuyNowPage"/>
</testsuite> <!-- com.dealchicken.smokeconsumertestscripts.TC003_SignInFromBuyNowPage -->
