<?xml version="1.0" encoding="UTF-8"?>
<!-- Generated by org.testng.reporters.JUnitReportReporter -->
<testsuite hostname="gmti-cvg-103047" name="com.dealchicken.smokeconsumertestscripts.TC004_RegisterFromHiModal" tests="1" failures="0" timestamp="3 Jan 2014 17:51:38 GMT" time="110.489" errors="0">
  <testcase name="TC004_RegisterFromHiModal" time="110.489" classname="com.dealchicken.smokeconsumertestscripts.TC004_RegisterFromHiModal"/>
</testsuite> <!-- com.dealchicken.smokeconsumertestscripts.TC004_RegisterFromHiModal -->
