<?xml version="1.0" encoding="UTF-8"?>
<!-- Generated by org.testng.reporters.JUnitReportReporter -->
<testsuite hostname="gmti-cvg-103047" name="com.dealchicken.smokeconsumertestscripts.TC010_NormalPurchaseByRegister" tests="1" failures="0" timestamp="3 Jan 2014 17:51:38 GMT" time="344.106" errors="0">
  <testcase name="TC010_NormalPurchaseByRegister" time="344.106" classname="com.dealchicken.smokeconsumertestscripts.TC010_NormalPurchaseByRegister"/>
</testsuite> <!-- com.dealchicken.smokeconsumertestscripts.TC010_NormalPurchaseByRegister -->
