<?xml version="1.0" encoding="UTF-8"?>
<!-- Generated by org.testng.reporters.JUnitReportReporter -->
<testsuite hostname="gmti-cvg-103047" name="com.presto.testscripts.PrestoCreateStory" tests="1" failures="0" timestamp="13 Jan 2014 17:56:39 GMT" time="75.207" errors="0">
  <testcase name="PrestoCreateStory" time="75.207" classname="com.presto.testscripts.PrestoCreateStory"/>
</testsuite> <!-- com.presto.testscripts.PrestoCreateStory -->
