<?xml version="1.0" encoding="UTF-8"?>
<!-- Generated by org.testng.reporters.JUnitReportReporter -->
<testsuite hostname="GCI-VSAMANTHUL" name="com.presto.testscripts.PRST_STRBLG_309" tests="1" failures="0" timestamp="6 Feb 2014 18:40:56 GMT" time="96.494" errors="0">
  <testcase name="PRST_STRBLG_309" time="96.494" classname="com.presto.testscripts.PRST_STRBLG_309"/>
</testsuite> <!-- com.presto.testscripts.PRST_STRBLG_309 -->
