<?xml version="1.0" encoding="UTF-8"?>
<!-- Generated by org.testng.reporters.JUnitReportReporter -->
<testsuite hostname="gmti-cvg-103047" name="com.dealchicken.smokeconsumertestscripts.TC015_BuyNormalDealAsGift" tests="1" failures="0" timestamp="3 Jan 2014 17:51:38 GMT" time="320.992" errors="0">
  <testcase name="TC015_BuyNormalDealAsGift" time="320.992" classname="com.dealchicken.smokeconsumertestscripts.TC015_BuyNormalDealAsGift"/>
</testsuite> <!-- com.dealchicken.smokeconsumertestscripts.TC015_BuyNormalDealAsGift -->
