<?xml version="1.0" encoding="UTF-8"?>
<!-- Generated by org.testng.reporters.JUnitReportReporter -->
<testsuite hostname="gmti-cvg-103047" name="com.presto.testscripts.PrestoLogIn" tests="1" failures="0" timestamp="15 Jan 2014 15:18:13 GMT" time="54.203" errors="0">
  <testcase name="PrestoLogIn" time="54.203" classname="com.presto.testscripts.PrestoLogIn"/>
</testsuite> <!-- com.presto.testscripts.PrestoLogIn -->
