<?xml version="1.0" encoding="UTF-8"?>
<!-- Generated by org.testng.reporters.JUnitReportReporter -->
<testsuite hostname="GCI-VPRATTY" name="com.presto.testscripts.PRST_STRBLG_199" tests="1" failures="0" timestamp="10 Feb 2014 18:43:13 GMT" time="42.345" errors="0">
  <testcase name="PRST_STRBLG_199" time="42.345" classname="com.presto.testscripts.PRST_STRBLG_199"/>
</testsuite> <!-- com.presto.testscripts.PRST_STRBLG_199 -->
