<?xml version="1.0" encoding="UTF-8"?>
<!-- Generated by org.testng.reporters.JUnitReportReporter -->
<testsuite hostname="GCI-VSAMANTHUL" name="com.presto.testscripts.PRST_STRBLG_316" tests="1" failures="0" timestamp="3 Feb 2014 21:22:54 GMT" time="128.124" errors="0">
  <testcase name="PRST_STRBLG_316" time="128.124" classname="com.presto.testscripts.PRST_STRBLG_316"/>
</testsuite> <!-- com.presto.testscripts.PRST_STRBLG_316 -->
