<?xml version="1.0" encoding="UTF-8"?>
<!-- Generated by org.testng.reporters.JUnitReportReporter -->
<testsuite hostname="GCI-VPRATTY" name="com.presto.testscripts.PRST_CONT_001" tests="1" failures="0" timestamp="10 Feb 2014 18:40:20 GMT" time="42.456" errors="0">
  <testcase name="PRST_CONT_001" time="42.456" classname="com.presto.testscripts.PRST_CONT_001"/>
</testsuite> <!-- com.presto.testscripts.PRST_CONT_001 -->
