<?xml version="1.0" encoding="UTF-8"?>
<!-- Generated by org.testng.reporters.JUnitReportReporter -->
<testsuite hostname="gmti-cvg-103047" name="com.presto.testscripts.PRST_STRBLG_004" tests="1" failures="0" timestamp="20 Jan 2014 16:05:05 GMT" time="268.850" errors="0">
  <testcase name="PRST_STRBLG_004" time="268.850" classname="com.presto.testscripts.PRST_STRBLG_004"/>
</testsuite> <!-- com.presto.testscripts.PRST_STRBLG_004 -->
