<?xml version="1.0" encoding="UTF-8"?>
<!-- Generated by org.testng.reporters.JUnitReportReporter -->
<testsuite hostname="gmti-cvg-103047" name="com.dealchicken.smokeconsumertestscripts.TC005_RegisterFromRewardsPage" tests="1" failures="0" timestamp="3 Jan 2014 17:51:38 GMT" time="77.855" errors="0">
  <testcase name="TC005_RegisterFromRewardsPage" time="77.855" classname="com.dealchicken.smokeconsumertestscripts.TC005_RegisterFromRewardsPage"/>
</testsuite> <!-- com.dealchicken.smokeconsumertestscripts.TC005_RegisterFromRewardsPage -->
