<?xml version="1.0" encoding="UTF-8"?>
<!-- Generated by org.testng.reporters.JUnitReportReporter -->
<testsuite hostname="GCI-VPRATTY" name="com.presto.testscripts.PRST_STRBLG_002" tests="1" failures="0" timestamp="10 Feb 2014 18:59:37 GMT" time="35.061" errors="0">
  <testcase name="PRST_STRBLG_002" time="35.061" classname="com.presto.testscripts.PRST_STRBLG_002"/>
</testsuite> <!-- com.presto.testscripts.PRST_STRBLG_002 -->
