<?xml version="1.0" encoding="UTF-8"?>
<!-- Generated by org.testng.reporters.JUnitReportReporter -->
<testsuite hostname="gmti-cvg-103047" name="com.dealchicken.smokeconsumertestscripts.TC014_FacebookLinks" tests="1" failures="0" timestamp="3 Jan 2014 17:51:38 GMT" time="193.894" errors="0">
  <testcase name="TC014_FacebookLinks" time="193.894" classname="com.dealchicken.smokeconsumertestscripts.TC014_FacebookLinks"/>
</testsuite> <!-- com.dealchicken.smokeconsumertestscripts.TC014_FacebookLinks -->
