<?xml version="1.0" encoding="UTF-8"?>
<!-- Generated by org.testng.reporters.JUnitReportReporter -->
<testsuite hostname="gmti-cvg-103047" name="com.dealchicken.testscripts.testRegister" tests="1" failures="0" timestamp="2 Jan 2014 15:58:20 GMT" time="88.694" errors="0">
  <testcase name="testRegister" time="88.694" classname="com.dealchicken.testscripts.testRegister"/>
</testsuite> <!-- com.dealchicken.testscripts.testRegister -->
