<?xml version="1.0" encoding="UTF-8"?>
<!-- Generated by org.testng.reporters.JUnitReportReporter -->
<testsuite hostname="gmti-cvg-103047" name="com.dealchicken.smokeconsumertestscripts.TC011_MerchadisePurchBySignIn" tests="1" failures="0" timestamp="3 Jan 2014 17:51:38 GMT" time="269.290" errors="0">
  <testcase name="TC011_MerchadisePurchBySignIn" time="269.290" classname="com.dealchicken.smokeconsumertestscripts.TC011_MerchadisePurchBySignIn"/>
</testsuite> <!-- com.dealchicken.smokeconsumertestscripts.TC011_MerchadisePurchBySignIn -->
