<?xml version="1.0" encoding="UTF-8"?>
<!-- Generated by org.testng.reporters.JUnitReportReporter -->
<testsuite hostname="GCI-VSAMANTHUL" name="com.presto.testscripts.PRST_STRBLG_219" tests="1" failures="0" timestamp="6 Feb 2014 16:54:43 GMT" time="99.904" errors="0">
  <testcase name="PRST_STRBLG_219" time="99.904" classname="com.presto.testscripts.PRST_STRBLG_219"/>
</testsuite> <!-- com.presto.testscripts.PRST_STRBLG_219 -->
