<?xml version="1.0" encoding="UTF-8"?>
<!-- Generated by org.testng.reporters.JUnitReportReporter -->
<testsuite hostname="gmti-cvg-103047" name="com.dealchicken.smokeconsumertestscripts.TC007_SignInFromRegisterPage" tests="1" failures="0" timestamp="3 Jan 2014 17:51:38 GMT" time="64.263" errors="0">
  <testcase name="TC007_SignInFromRegisterPage" time="64.263" classname="com.dealchicken.smokeconsumertestscripts.TC007_SignInFromRegisterPage"/>
</testsuite> <!-- com.dealchicken.smokeconsumertestscripts.TC007_SignInFromRegisterPage -->
