<?xml version="1.0" encoding="UTF-8"?>
<!-- Generated by org.testng.reporters.JUnitReportReporter -->
<testsuite hostname="MLB-MYS-NMF49" name="com.dealchicken1.testscripts.testSignIn" tests="1" failures="0" timestamp="3 Dec 2013 10:48:59 GMT" time="64.175" errors="0">
  <testcase name="testSignIn" time="64.175" classname="com.dealchicken1.testscripts.testSignIn"/>
</testsuite> <!-- com.dealchicken1.testscripts.testSignIn -->
