<?xml version="1.0" encoding="UTF-8"?>
<!-- Generated by org.testng.reporters.JUnitReportReporter -->
<testsuite hostname="MLB-MYS-NMF49" name="com.dealchicken1.testscripts.testRegister" tests="1" failures="0" timestamp="3 Dec 2013 11:34:50 GMT" time="84.962" errors="0">
  <testcase name="testRegister" time="84.962" classname="com.dealchicken1.testscripts.testRegister"/>
</testsuite> <!-- com.dealchicken1.testscripts.testRegister -->
