<?xml version="1.0" encoding="UTF-8"?>
<!-- Generated by org.testng.reporters.JUnitReportReporter -->
<testsuite hostname="MLB-MYS-NMF49" name="com.dealchicken1.testscripts.testCreateAccountModalPage" tests="1" failures="0" timestamp="29 Nov 2013 04:56:54 GMT" time="94.690" errors="0">
  <testcase name="testCreateAccountModalPage" time="94.690" classname="com.dealchicken1.testscripts.testCreateAccountModalPage"/>
</testsuite> <!-- com.dealchicken1.testscripts.testCreateAccountModalPage -->
