<?xml version="1.0" encoding="UTF-8"?>
<!-- Generated by org.testng.reporters.JUnitReportReporter -->
<testsuite hostname="gmti-cvg-103047" name="com.dealchicken.smokeconsumertestscripts.TC002_SignInFromRewardsPage" tests="1" failures="0" timestamp="3 Jan 2014 17:51:38 GMT" time="67.703" errors="0">
  <testcase name="TC002_SignInFromRewardsPage" time="67.703" classname="com.dealchicken.smokeconsumertestscripts.TC002_SignInFromRewardsPage"/>
</testsuite> <!-- com.dealchicken.smokeconsumertestscripts.TC002_SignInFromRewardsPage -->
