<?xml version="1.0" encoding="UTF-8"?>
<!-- Generated by org.testng.reporters.JUnitReportReporter -->
<testsuite hostname="gmti-cvg-103047" name="com.dealchicken.smokeconsumertestscripts.TC008_RegisterFromHomePage" tests="1" failures="0" timestamp="3 Jan 2014 17:51:39 GMT" time="88.838" errors="0">
  <testcase name="TC008_RegisterFromHomePage" time="88.838" classname="com.dealchicken.smokeconsumertestscripts.TC008_RegisterFromHomePage"/>
</testsuite> <!-- com.dealchicken.smokeconsumertestscripts.TC008_RegisterFromHomePage -->
