<?xml version="1.0" encoding="UTF-8"?>
<!-- Generated by org.testng.reporters.JUnitReportReporter -->
<testsuite hostname="gmti-cvg-103047" name="com.dealchicken.smokeconsumertestscripts.TC013_HomeLinks" tests="1" failures="0" timestamp="3 Jan 2014 17:51:38 GMT" time="783.800" errors="0">
  <testcase name="TC013_HomeLinks" time="783.800" classname="com.dealchicken.smokeconsumertestscripts.TC013_HomeLinks"/>
</testsuite> <!-- com.dealchicken.smokeconsumertestscripts.TC013_HomeLinks -->
